  Source2.cpp
c:\tesseract-ocr\include\tesseract\strngs.h(61): warning C4996: 'strncpy': This function or variable may be unsafe. Consider using strncpy_s instead. To disable deprecation, use _CRT_SECURE_NO_WARNINGS. See online help for details.
  C:\Program Files (x86)\Windows Kits\10\Include\10.0.10240.0\ucrt\string.h(346): note: see declaration of 'strncpy'
c:\tesseract-ocr\include\tesseract\unicharset.h(47): warning C4996: 'strncpy': This function or variable may be unsafe. Consider using strncpy_s instead. To disable deprecation, use _CRT_SECURE_NO_WARNINGS. See online help for details.
  C:\Program Files (x86)\Windows Kits\10\Include\10.0.10240.0\ucrt\string.h(346): note: see declaration of 'strncpy'
c:\tesseract-ocr\include\tesseract\unicharset.h(274): warning C4996: 'fopen': This function or variable may be unsafe. Consider using fopen_s instead. To disable deprecation, use _CRT_SECURE_NO_WARNINGS. See online help for details.
  C:\Program Files (x86)\Windows Kits\10\Include\10.0.10240.0\ucrt\stdio.h(205): note: see declaration of 'fopen'
c:\tesseract-ocr\include\tesseract\unicharset.h(299): warning C4996: 'fopen': This function or variable may be unsafe. Consider using fopen_s instead. To disable deprecation, use _CRT_SECURE_NO_WARNINGS. See online help for details.
  C:\Program Files (x86)\Windows Kits\10\Include\10.0.10240.0\ucrt\stdio.h(205): note: see declaration of 'fopen'
c:\tesseract-ocr\include\leptonica\environ.h(277): warning C4005: 'snprintf': macro redefinition
  c:\tesseract-ocr\include\tesseract\platform.h(33): note: see previous definition of 'snprintf'
c:\tesseract-ocr\include\leptonica\pix.h(169): warning C4305: 'initializing': truncation from 'double' to 'l_float32'
c:\tesseract-ocr\include\leptonica\pix.h(171): warning C4305: 'initializing': truncation from 'double' to 'l_float32'
Source2.cpp(27): warning C4476: 'fprintf' : unknown type field character '%' in format specifier
  Generating code
  0 of 9 functions ( 0.0%) were compiled, the rest were copied from previous compilation.
    0 functions were new in current compilation
    0 functions had inline decision re-evaluated but remain unchanged
  Finished generating code
  Tesseract.vcxproj -> C:\Users\Organic\documents\visual studio 2015\Projects\Tesseract\Release\Tesseract.exe
  Tesseract.vcxproj -> C:\Users\Organic\documents\visual studio 2015\Projects\Tesseract\Release\Tesseract.pdb (Full PDB)
